<?xml version="1.0" encoding="UTF-8"?>
<!-- Generated by org.testng.reporters.JUnitReportReporter -->
<testsuite hostname="IN-PG02P5XZ" failures="0" tests="1" name="TestCases.VerifyFruitsOnCart" time="7.847" errors="0" timestamp="04 Oct 2023 11:20:34 GMT" skipped="0">
  <testcase classname="TestCases.VerifyFruitsOnCart" name="AddFruits" time="7.847"/>
</testsuite> <!-- TestCases.VerifyFruitsOnCart -->
