<?xml version="1.0" encoding="UTF-8"?>
<!-- Generated by org.testng.reporters.JUnitReportReporter -->
<testsuite hostname="IN-PG02P5XZ" failures="0" tests="1" name="TestCases.VerifyRemovePlaceOrder" time="25.090" errors="0" timestamp="04 Oct 2023 11:20:34 GMT" skipped="0">
  <testcase classname="TestCases.VerifyRemovePlaceOrder" name="Remove_From_ItemPrice" time="25.090"/>
</testsuite> <!-- TestCases.VerifyRemovePlaceOrder -->
