<?xml version="1.0" encoding="UTF-8"?>
<!-- Generated by org.testng.reporters.JUnitReportReporter -->
<testsuite hostname="IN-PG02P5XZ" failures="0" tests="1" name="TestCases.DryFruit" time="6.920" errors="0" timestamp="12 Sep 2023 07:41:48 GMT" skipped="0">
  <testcase classname="TestCases.DryFruit" name="Dryfruits" time="6.920"/>
</testsuite> <!-- TestCases.DryFruit -->
